  [1m[35m (565.1ms)[0m  [1m[35mCREATE DATABASE "temperatures_api_development" ENCODING = 'unicode'[0m
  [1m[35m (219.7ms)[0m  [1m[35mCREATE DATABASE "temperatures_api_test" ENCODING = 'unicode'[0m
  [1m[35m (133.2ms)[0m  [1m[35mCREATE TABLE "schema_migrations" ("version" character varying NOT NULL PRIMARY KEY)[0m
  [1m[35m (15.2ms)[0m  [1m[35mCREATE TABLE "ar_internal_metadata" ("key" character varying NOT NULL PRIMARY KEY, "value" character varying, "created_at" timestamp(6) NOT NULL, "updated_at" timestamp(6) NOT NULL)[0m
  [1m[35m (0.7ms)[0m  [1m[34mSELECT pg_try_advisory_lock(164586408472616235)[0m
  [1m[35m (1.2ms)[0m  [1m[34mSELECT "schema_migrations"."version" FROM "schema_migrations" ORDER BY "schema_migrations"."version" ASC[0m
Migrating to CreateLocations (20200922154148)
  [1m[35m (0.2ms)[0m  [1m[35mBEGIN[0m
  [1m[35m (26.8ms)[0m  [1m[35mCREATE TABLE "locations" ("id" bigserial primary key, "lat" decimal, "lng" decimal, "name" character varying, "created_at" timestamp(6) NOT NULL, "updated_at" timestamp(6) NOT NULL)[0m
  [1m[36mprimary::SchemaMigration Create (1.1ms)[0m  [1m[32mINSERT INTO "schema_migrations" ("version") VALUES ($1) RETURNING "version"[0m  [["version", "20200922154148"]]
  [1m[35m (1.5ms)[0m  [1m[35mCOMMIT[0m
Migrating to CreateTemperatures (20200922155923)
  [1m[35m (13.8ms)[0m  [1m[35mBEGIN[0m
  [1m[35m (15.7ms)[0m  [1m[35mCREATE TABLE "temperatures" ("id" bigserial primary key, "average_high_f" integer, "average_low_f" integer, "month" character varying, "created_at" timestamp(6) NOT NULL, "updated_at" timestamp(6) NOT NULL)[0m
  [1m[36mprimary::SchemaMigration Create (0.5ms)[0m  [1m[32mINSERT INTO "schema_migrations" ("version") VALUES ($1) RETURNING "version"[0m  [["version", "20200922155923"]]
  [1m[35m (1.3ms)[0m  [1m[35mCOMMIT[0m
Migrating to AddForeignKeyToTemperatures (20200922161125)
  [1m[35m (6.2ms)[0m  [1m[35mBEGIN[0m
  [1m[36mprimary::SchemaMigration Create (0.5ms)[0m  [1m[32mINSERT INTO "schema_migrations" ("version") VALUES ($1) RETURNING "version"[0m  [["version", "20200922161125"]]
  [1m[35m (5.9ms)[0m  [1m[35mCOMMIT[0m
  [1m[36mActiveRecord::InternalMetadata Load (0.8ms)[0m  [1m[34mSELECT "ar_internal_metadata".* FROM "ar_internal_metadata" WHERE "ar_internal_metadata"."key" = $1 LIMIT $2[0m  [["key", "environment"], ["LIMIT", 1]]
  [1m[35m (0.2ms)[0m  [1m[35mBEGIN[0m
  [1m[36mActiveRecord::InternalMetadata Create (3.3ms)[0m  [1m[32mINSERT INTO "ar_internal_metadata" ("key", "value", "created_at", "updated_at") VALUES ($1, $2, $3, $4) RETURNING "key"[0m  [["key", "environment"], ["value", "development"], ["created_at", "2020-09-22 16:38:30.885267"], ["updated_at", "2020-09-22 16:38:30.885267"]]
  [1m[35m (1.9ms)[0m  [1m[35mCOMMIT[0m
  [1m[35m (3.1ms)[0m  [1m[34mSELECT pg_advisory_unlock(164586408472616235)[0m
  [1m[35m (1.3ms)[0m  [1m[34mSELECT "schema_migrations"."version" FROM "schema_migrations" ORDER BY "schema_migrations"."version" ASC[0m
  [1m[35m (0.9ms)[0m  [1m[34mSELECT "schema_migrations"."version" FROM "schema_migrations" ORDER BY "schema_migrations"."version" ASC[0m
  [1m[35m (0.4ms)[0m  [1m[34mSELECT "schema_migrations"."version" FROM "schema_migrations" ORDER BY "schema_migrations"."version" ASC[0m
  [1m[35m (0.3ms)[0m  [1m[34mSELECT "schema_migrations"."version" FROM "schema_migrations" ORDER BY "schema_migrations"."version" ASC[0m
  [1m[35m (0.7ms)[0m  [1m[34mSELECT pg_try_advisory_lock(164586408472616235)[0m
  [1m[35m (0.4ms)[0m  [1m[34mSELECT "schema_migrations"."version" FROM "schema_migrations" ORDER BY "schema_migrations"."version" ASC[0m
Migrating to AddForeignKeyToTemperatures (20200922161125)
  [1m[35m (0.2ms)[0m  [1m[35mBEGIN[0m
  [1m[35m (30.2ms)[0m  [1m[35mALTER TABLE "temperatures" DROP COLUMN "location_id"[0m
  [1m[35m (0.2ms)[0m  [1m[31mROLLBACK[0m
  [1m[35m (0.6ms)[0m  [1m[34mSELECT pg_advisory_unlock(164586408472616235)[0m
  [1m[35m (1.4ms)[0m  [1m[34mSELECT pg_try_advisory_lock(164586408472616235)[0m
  [1m[35m (1.5ms)[0m  [1m[34mSELECT "schema_migrations"."version" FROM "schema_migrations" ORDER BY "schema_migrations"."version" ASC[0m
  [1m[36mActiveRecord::InternalMetadata Load (1.2ms)[0m  [1m[34mSELECT "ar_internal_metadata".* FROM "ar_internal_metadata" WHERE "ar_internal_metadata"."key" = $1 LIMIT $2[0m  [["key", "environment"], ["LIMIT", 1]]
  [1m[35m (0.7ms)[0m  [1m[34mSELECT pg_advisory_unlock(164586408472616235)[0m
  [1m[35m (1.5ms)[0m  [1m[34mSELECT "schema_migrations"."version" FROM "schema_migrations" ORDER BY "schema_migrations"."version" ASC[0m
  [1m[35m (1.6ms)[0m  [1m[34mSELECT "schema_migrations"."version" FROM "schema_migrations" ORDER BY "schema_migrations"."version" ASC[0m
  [1m[35m (0.5ms)[0m  [1m[34mSELECT "schema_migrations"."version" FROM "schema_migrations" ORDER BY "schema_migrations"."version" ASC[0m
  [1m[35m (0.4ms)[0m  [1m[34mSELECT "schema_migrations"."version" FROM "schema_migrations" ORDER BY "schema_migrations"."version" ASC[0m
  [1m[35m (0.6ms)[0m  [1m[34mSELECT pg_try_advisory_lock(164586408472616235)[0m
  [1m[35m (0.4ms)[0m  [1m[34mSELECT "schema_migrations"."version" FROM "schema_migrations" ORDER BY "schema_migrations"."version" ASC[0m
Migrating to AddForeignKeyToTemperatures (20200922161125)
  [1m[35m (0.2ms)[0m  [1m[35mBEGIN[0m
  [1m[35m (7.4ms)[0m  [1m[35mALTER TABLE "temperatures" DROP COLUMN "location_id"[0m
  [1m[35m (0.2ms)[0m  [1m[31mROLLBACK[0m
  [1m[35m (0.4ms)[0m  [1m[34mSELECT pg_advisory_unlock(164586408472616235)[0m
  [1m[35m (0.9ms)[0m  [1m[34mSELECT "schema_migrations"."version" FROM "schema_migrations" ORDER BY "schema_migrations"."version" ASC[0m
  [1m[35m (0.5ms)[0m  [1m[34mSELECT "schema_migrations"."version" FROM "schema_migrations" ORDER BY "schema_migrations"."version" ASC[0m
  [1m[35m (1.0ms)[0m  [1m[34mSELECT "schema_migrations"."version" FROM "schema_migrations" ORDER BY "schema_migrations"."version" ASC[0m
  [1m[35m (0.4ms)[0m  [1m[34mSELECT pg_try_advisory_lock(164586408472616235)[0m
  [1m[35m (0.4ms)[0m  [1m[34mSELECT "schema_migrations"."version" FROM "schema_migrations" ORDER BY "schema_migrations"."version" ASC[0m
Migrating to AddForeignKeyToTemperatures (20200922161125)
  [1m[35m (0.2ms)[0m  [1m[35mBEGIN[0m
  [1m[35m (6.8ms)[0m  [1m[35mALTER TABLE "temperatures" DROP COLUMN "location_id"[0m
  [1m[35m (0.2ms)[0m  [1m[31mROLLBACK[0m
  [1m[35m (0.5ms)[0m  [1m[34mSELECT pg_advisory_unlock(164586408472616235)[0m
  [1m[35m (1.8ms)[0m  [1m[34mSELECT pg_try_advisory_lock(164586408472616235)[0m
  [1m[35m (1.0ms)[0m  [1m[34mSELECT "schema_migrations"."version" FROM "schema_migrations" ORDER BY "schema_migrations"."version" ASC[0m
  [1m[36mActiveRecord::InternalMetadata Load (0.8ms)[0m  [1m[34mSELECT "ar_internal_metadata".* FROM "ar_internal_metadata" WHERE "ar_internal_metadata"."key" = $1 LIMIT $2[0m  [["key", "environment"], ["LIMIT", 1]]
  [1m[35m (0.5ms)[0m  [1m[34mSELECT pg_advisory_unlock(164586408472616235)[0m
  [1m[35m (1.6ms)[0m  [1m[34mSELECT "schema_migrations"."version" FROM "schema_migrations" ORDER BY "schema_migrations"."version" ASC[0m
  [1m[35m (1.0ms)[0m  [1m[34mSELECT "schema_migrations"."version" FROM "schema_migrations" ORDER BY "schema_migrations"."version" ASC[0m
  [1m[35m (0.5ms)[0m  [1m[34mSELECT "schema_migrations"."version" FROM "schema_migrations" ORDER BY "schema_migrations"."version" ASC[0m
  [1m[35m (0.4ms)[0m  [1m[34mSELECT "schema_migrations"."version" FROM "schema_migrations" ORDER BY "schema_migrations"."version" ASC[0m
  [1m[35m (0.4ms)[0m  [1m[34mSELECT pg_try_advisory_lock(164586408472616235)[0m
  [1m[35m (0.4ms)[0m  [1m[34mSELECT "schema_migrations"."version" FROM "schema_migrations" ORDER BY "schema_migrations"."version" ASC[0m
Migrating to AddForeignKeyToTemperatures (20200922161125)
  [1m[35m (0.2ms)[0m  [1m[35mBEGIN[0m
  [1m[35m (2.1ms)[0m  [1m[35mALTER TABLE "temperatures" DROP COLUMN "location_id"[0m
  [1m[35m (0.2ms)[0m  [1m[31mROLLBACK[0m
  [1m[35m (0.4ms)[0m  [1m[34mSELECT pg_advisory_unlock(164586408472616235)[0m
  [1m[35m (2.6ms)[0m  [1m[34mSELECT "schema_migrations"."version" FROM "schema_migrations" ORDER BY "schema_migrations"."version" ASC[0m
  [1m[35m (0.5ms)[0m  [1m[34mSELECT "schema_migrations"."version" FROM "schema_migrations" ORDER BY "schema_migrations"."version" ASC[0m
  [1m[35m (0.3ms)[0m  [1m[34mSELECT "schema_migrations"."version" FROM "schema_migrations" ORDER BY "schema_migrations"."version" ASC[0m
  [1m[35m (0.6ms)[0m  [1m[34mSELECT pg_try_advisory_lock(164586408472616235)[0m
  [1m[35m (1.2ms)[0m  [1m[34mSELECT "schema_migrations"."version" FROM "schema_migrations" ORDER BY "schema_migrations"."version" ASC[0m
Migrating to AddForeignKeyToTemperatures (20200922161125)
  [1m[35m (0.9ms)[0m  [1m[35mBEGIN[0m
  [1m[36mprimary::SchemaMigration Destroy (17.6ms)[0m  [1m[31mDELETE FROM "schema_migrations" WHERE "schema_migrations"."version" = $1[0m  [["version", "20200922161125"]]
  [1m[35m (27.2ms)[0m  [1m[35mCOMMIT[0m
  [1m[35m (0.5ms)[0m  [1m[34mSELECT pg_advisory_unlock(164586408472616235)[0m
  [1m[35m (4.6ms)[0m  [1m[34mSELECT "schema_migrations"."version" FROM "schema_migrations" ORDER BY "schema_migrations"."version" ASC[0m
  [1m[35m (0.3ms)[0m  [1m[34mSELECT pg_try_advisory_lock(164586408472616235)[0m
  [1m[35m (1.3ms)[0m  [1m[34mSELECT "schema_migrations"."version" FROM "schema_migrations" ORDER BY "schema_migrations"."version" ASC[0m
Migrating to AddForeignKeyToTemperatures (20200922161125)
  [1m[35m (0.2ms)[0m  [1m[35mBEGIN[0m
  [1m[35m (27.8ms)[0m  [1m[35mALTER TABLE "temperatures" ADD "location_id" integer[0m
  [1m[36mprimary::SchemaMigration Create (1.8ms)[0m  [1m[32mINSERT INTO "schema_migrations" ("version") VALUES ($1) RETURNING "version"[0m  [["version", "20200922161125"]]
  [1m[35m (1.6ms)[0m  [1m[35mCOMMIT[0m
  [1m[36mActiveRecord::InternalMetadata Load (1.0ms)[0m  [1m[34mSELECT "ar_internal_metadata".* FROM "ar_internal_metadata" WHERE "ar_internal_metadata"."key" = $1 LIMIT $2[0m  [["key", "environment"], ["LIMIT", 1]]
  [1m[35m (0.5ms)[0m  [1m[34mSELECT pg_advisory_unlock(164586408472616235)[0m
  [1m[35m (1.4ms)[0m  [1m[34mSELECT "schema_migrations"."version" FROM "schema_migrations" ORDER BY "schema_migrations"."version" ASC[0m
  [1m[36mTemperature Load (2.8ms)[0m  [1m[34mSELECT "temperatures".* FROM "temperatures" LIMIT $1[0m  [["LIMIT", 11]]
  [1m[36mLocation Load (2.9ms)[0m  [1m[34mSELECT "locations".* FROM "locations" LIMIT $1[0m  [["LIMIT", 11]]
  [1m[36mLocation Load (0.5ms)[0m  [1m[34mSELECT "locations".* FROM "locations" LIMIT $1[0m  [["LIMIT", 11]]
  [1m[35m (7.2ms)[0m  [1m[34mSELECT "schema_migrations"."version" FROM "schema_migrations" ORDER BY "schema_migrations"."version" ASC[0m
  [1m[35m (0.2ms)[0m  [1m[35mBEGIN[0m
  [1m[36mLocation Create (7.0ms)[0m  [1m[32mINSERT INTO "locations" ("lat", "lng", "name", "created_at", "updated_at") VALUES ($1, $2, $3, $4, $5) RETURNING "id"[0m  [["lat", "40.7128"], ["lng", "74.0059"], ["name", "New York City"], ["created_at", "2020-09-22 17:11:48.109242"], ["updated_at", "2020-09-22 17:11:48.109242"]]
  [1m[35m (1.2ms)[0m  [1m[35mCOMMIT[0m
  [1m[35m (0.2ms)[0m  [1m[35mBEGIN[0m
  [1m[36mLocation Create (0.6ms)[0m  [1m[32mINSERT INTO "locations" ("lat", "lng", "name", "created_at", "updated_at") VALUES ($1, $2, $3, $4, $5) RETURNING "id"[0m  [["lat", "78.2232"], ["lng", "15.6267"], ["name", "LongYearByen"], ["created_at", "2020-09-22 17:11:48.130267"], ["updated_at", "2020-09-22 17:11:48.130267"]]
  [1m[35m (2.2ms)[0m  [1m[35mCOMMIT[0m
  [1m[35m (0.2ms)[0m  [1m[35mBEGIN[0m
  [1m[36mLocation Load (1.2ms)[0m  [1m[34mSELECT "locations".* FROM "locations" WHERE "locations"."id" = $1 LIMIT $2[0m  [["id", 1], ["LIMIT", 1]]
  [1m[36mTemperature Create (5.1ms)[0m  [1m[32mINSERT INTO "temperatures" ("average_high_f", "average_low_f", "month", "created_at", "updated_at", "location_id") VALUES ($1, $2, $3, $4, $5, $6) RETURNING "id"[0m  [["average_high_f", 39], ["average_low_f", 26], ["month", "January"], ["created_at", "2020-09-22 17:11:48.293129"], ["updated_at", "2020-09-22 17:11:48.293129"], ["location_id", 1]]
  [1m[35m (2.3ms)[0m  [1m[35mCOMMIT[0m
  [1m[35m (0.9ms)[0m  [1m[35mBEGIN[0m
  [1m[36mLocation Load (4.3ms)[0m  [1m[34mSELECT "locations".* FROM "locations" WHERE "locations"."id" = $1 LIMIT $2[0m  [["id", 1], ["LIMIT", 1]]
  [1m[36mTemperature Create (0.5ms)[0m  [1m[32mINSERT INTO "temperatures" ("average_high_f", "average_low_f", "month", "created_at", "updated_at", "location_id") VALUES ($1, $2, $3, $4, $5, $6) RETURNING "id"[0m  [["average_high_f", 42], ["average_low_f", 29], ["month", "February"], ["created_at", "2020-09-22 17:11:48.320640"], ["updated_at", "2020-09-22 17:11:48.320640"], ["location_id", 1]]
  [1m[35m (1.7ms)[0m  [1m[35mCOMMIT[0m
  [1m[35m (0.3ms)[0m  [1m[35mBEGIN[0m
  [1m[36mLocation Load (0.4ms)[0m  [1m[34mSELECT "locations".* FROM "locations" WHERE "locations"."id" = $1 LIMIT $2[0m  [["id", 1], ["LIMIT", 1]]
  [1m[36mTemperature Create (4.9ms)[0m  [1m[32mINSERT INTO "temperatures" ("average_high_f", "average_low_f", "month", "created_at", "updated_at", "location_id") VALUES ($1, $2, $3, $4, $5, $6) RETURNING "id"[0m  [["average_high_f", 50], ["average_low_f", 35], ["month", "March"], ["created_at", "2020-09-22 17:11:48.335538"], ["updated_at", "2020-09-22 17:11:48.335538"], ["location_id", 1]]
  [1m[35m (2.0ms)[0m  [1m[35mCOMMIT[0m
  [1m[35m (0.3ms)[0m  [1m[35mBEGIN[0m
  [1m[36mLocation Load (0.3ms)[0m  [1m[34mSELECT "locations".* FROM "locations" WHERE "locations"."id" = $1 LIMIT $2[0m  [["id", 1], ["LIMIT", 1]]
  [1m[36mTemperature Create (2.6ms)[0m  [1m[32mINSERT INTO "temperatures" ("average_high_f", "average_low_f", "month", "created_at", "updated_at", "location_id") VALUES ($1, $2, $3, $4, $5, $6) RETURNING "id"[0m  [["average_high_f", 61], ["average_low_f", 45], ["month", "April"], ["created_at", "2020-09-22 17:11:48.396908"], ["updated_at", "2020-09-22 17:11:48.396908"], ["location_id", 1]]
  [1m[35m (10.3ms)[0m  [1m[35mCOMMIT[0m
  [1m[35m (0.3ms)[0m  [1m[35mBEGIN[0m
  [1m[36mLocation Load (0.5ms)[0m  [1m[34mSELECT "locations".* FROM "locations" WHERE "locations"."id" = $1 LIMIT $2[0m  [["id", 1], ["LIMIT", 1]]
  [1m[36mTemperature Create (0.6ms)[0m  [1m[32mINSERT INTO "temperatures" ("average_high_f", "average_low_f", "month", "created_at", "updated_at", "location_id") VALUES ($1, $2, $3, $4, $5, $6) RETURNING "id"[0m  [["average_high_f", 71], ["average_low_f", 54], ["month", "May"], ["created_at", "2020-09-22 17:11:48.432780"], ["updated_at", "2020-09-22 17:11:48.432780"], ["location_id", 1]]
  [1m[35m (16.6ms)[0m  [1m[35mCOMMIT[0m
  [1m[35m (0.4ms)[0m  [1m[35mBEGIN[0m
  [1m[36mLocation Load (0.7ms)[0m  [1m[34mSELECT "locations".* FROM "locations" WHERE "locations"."id" = $1 LIMIT $2[0m  [["id", 1], ["LIMIT", 1]]
  [1m[36mTemperature Create (0.5ms)[0m  [1m[32mINSERT INTO "temperatures" ("average_high_f", "average_low_f", "month", "created_at", "updated_at", "location_id") VALUES ($1, $2, $3, $4, $5, $6) RETURNING "id"[0m  [["average_high_f", 79], ["average_low_f", 64], ["month", "June"], ["created_at", "2020-09-22 17:11:48.467437"], ["updated_at", "2020-09-22 17:11:48.467437"], ["location_id", 1]]
  [1m[35m (1.4ms)[0m  [1m[35mCOMMIT[0m
  [1m[35m (0.3ms)[0m  [1m[35mBEGIN[0m
  [1m[36mLocation Load (0.3ms)[0m  [1m[34mSELECT "locations".* FROM "locations" WHERE "locations"."id" = $1 LIMIT $2[0m  [["id", 1], ["LIMIT", 1]]
  [1m[36mTemperature Create (0.4ms)[0m  [1m[32mINSERT INTO "temperatures" ("average_high_f", "average_low_f", "month", "created_at", "updated_at", "location_id") VALUES ($1, $2, $3, $4, $5, $6) RETURNING "id"[0m  [["average_high_f", 84], ["average_low_f", 69], ["month", "July"], ["created_at", "2020-09-22 17:11:48.491554"], ["updated_at", "2020-09-22 17:11:48.491554"], ["location_id", 1]]
  [1m[35m (1.2ms)[0m  [1m[35mCOMMIT[0m
  [1m[35m (0.7ms)[0m  [1m[35mBEGIN[0m
  [1m[36mLocation Load (0.3ms)[0m  [1m[34mSELECT "locations".* FROM "locations" WHERE "locations"."id" = $1 LIMIT $2[0m  [["id", 1], ["LIMIT", 1]]
  [1m[36mTemperature Create (0.7ms)[0m  [1m[32mINSERT INTO "temperatures" ("average_high_f", "average_low_f", "month", "created_at", "updated_at", "location_id") VALUES ($1, $2, $3, $4, $5, $6) RETURNING "id"[0m  [["average_high_f", 83], ["average_low_f", 68], ["month", "August"], ["created_at", "2020-09-22 17:11:48.515654"], ["updated_at", "2020-09-22 17:11:48.515654"], ["location_id", 1]]
  [1m[35m (1.4ms)[0m  [1m[35mCOMMIT[0m
  [1m[35m (0.2ms)[0m  [1m[35mBEGIN[0m
  [1m[36mLocation Load (0.2ms)[0m  [1m[34mSELECT "locations".* FROM "locations" WHERE "locations"."id" = $1 LIMIT $2[0m  [["id", 1], ["LIMIT", 1]]
  [1m[36mTemperature Create (0.4ms)[0m  [1m[32mINSERT INTO "temperatures" ("average_high_f", "average_low_f", "month", "created_at", "updated_at", "location_id") VALUES ($1, $2, $3, $4, $5, $6) RETURNING "id"[0m  [["average_high_f", 75], ["average_low_f", 61], ["month", "September"], ["created_at", "2020-09-22 17:11:48.533100"], ["updated_at", "2020-09-22 17:11:48.533100"], ["location_id", 1]]
  [1m[35m (1.4ms)[0m  [1m[35mCOMMIT[0m
  [1m[35m (0.2ms)[0m  [1m[35mBEGIN[0m
  [1m[36mLocation Load (1.2ms)[0m  [1m[34mSELECT "locations".* FROM "locations" WHERE "locations"."id" = $1 LIMIT $2[0m  [["id", 1], ["LIMIT", 1]]
  [1m[36mTemperature Create (0.4ms)[0m  [1m[32mINSERT INTO "temperatures" ("average_high_f", "average_low_f", "month", "created_at", "updated_at", "location_id") VALUES ($1, $2, $3, $4, $5, $6) RETURNING "id"[0m  [["average_high_f", 64], ["average_low_f", 50], ["month", "October"], ["created_at", "2020-09-22 17:11:48.555000"], ["updated_at", "2020-09-22 17:11:48.555000"], ["location_id", 1]]
  [1m[35m (1.3ms)[0m  [1m[35mCOMMIT[0m
  [1m[35m (1.0ms)[0m  [1m[35mBEGIN[0m
  [1m[36mLocation Load (0.2ms)[0m  [1m[34mSELECT "locations".* FROM "locations" WHERE "locations"."id" = $1 LIMIT $2[0m  [["id", 1], ["LIMIT", 1]]
  [1m[36mTemperature Create (0.6ms)[0m  [1m[32mINSERT INTO "temperatures" ("average_high_f", "average_low_f", "month", "created_at", "updated_at", "location_id") VALUES ($1, $2, $3, $4, $5, $6) RETURNING "id"[0m  [["average_high_f", 54], ["average_low_f", 42], ["month", "November"], ["created_at", "2020-09-22 17:11:48.589144"], ["updated_at", "2020-09-22 17:11:48.589144"], ["location_id", 1]]
  [1m[35m (3.1ms)[0m  [1m[35mCOMMIT[0m
  [1m[35m (0.2ms)[0m  [1m[35mBEGIN[0m
  [1m[36mLocation Load (0.3ms)[0m  [1m[34mSELECT "locations".* FROM "locations" WHERE "locations"."id" = $1 LIMIT $2[0m  [["id", 1], ["LIMIT", 1]]
  [1m[36mTemperature Create (0.4ms)[0m  [1m[32mINSERT INTO "temperatures" ("average_high_f", "average_low_f", "month", "created_at", "updated_at", "location_id") VALUES ($1, $2, $3, $4, $5, $6) RETURNING "id"[0m  [["average_high_f", 43], ["average_low_f", 48], ["month", "December"], ["created_at", "2020-09-22 17:11:48.626372"], ["updated_at", "2020-09-22 17:11:48.626372"], ["location_id", 1]]
  [1m[35m (1.1ms)[0m  [1m[35mCOMMIT[0m
  [1m[35m (0.2ms)[0m  [1m[35mBEGIN[0m
  [1m[36mLocation Load (0.2ms)[0m  [1m[34mSELECT "locations".* FROM "locations" WHERE "locations"."id" = $1 LIMIT $2[0m  [["id", 2], ["LIMIT", 1]]
  [1m[36mTemperature Create (2.1ms)[0m  [1m[32mINSERT INTO "temperatures" ("average_high_f", "average_low_f", "month", "created_at", "updated_at", "location_id") VALUES ($1, $2, $3, $4, $5, $6) RETURNING "id"[0m  [["average_high_f", -6], ["average_low_f", -12], ["month", "January"], ["created_at", "2020-09-22 17:11:48.634627"], ["updated_at", "2020-09-22 17:11:48.634627"], ["location_id", 2]]
  [1m[35m (1.5ms)[0m  [1m[35mCOMMIT[0m
  [1m[35m (3.5ms)[0m  [1m[34mSELECT COUNT(*) FROM "locations"[0m
  [1m[35m (1.1ms)[0m  [1m[34mSELECT COUNT(*) FROM "temperatures"[0m
  [1m[36mLocation Load (0.4ms)[0m  [1m[34mSELECT "locations".* FROM "locations" LIMIT $1[0m  [["LIMIT", 11]]
  [1m[35m (1.9ms)[0m  [1m[34mSELECT COUNT(*) FROM "temperatures"[0m
  [1m[36mTemperature Load (0.3ms)[0m  [1m[34mSELECT "temperatures".* FROM "temperatures" ORDER BY "temperatures"."id" ASC LIMIT $1[0m  [["LIMIT", 1]]
  [1m[36mTemperature Load (3.7ms)[0m  [1m[34mSELECT "temperatures".* FROM "temperatures" ORDER BY "temperatures"."id" ASC LIMIT $1[0m  [["LIMIT", 1]]
  [1m[36mLocation Load (0.4ms)[0m  [1m[34mSELECT "locations".* FROM "locations" WHERE "locations"."id" = $1 LIMIT $2[0m  [["id", 1], ["LIMIT", 1]]
  [1m[36mTemperature Load (1.3ms)[0m  [1m[34mSELECT "temperatures".* FROM "temperatures" ORDER BY "temperatures"."id" ASC LIMIT $1[0m  [["LIMIT", 1]]
  [1m[36mLocation Load (1.0ms)[0m  [1m[34mSELECT "locations".* FROM "locations" WHERE "locations"."id" = $1 LIMIT $2[0m  [["id", 1], ["LIMIT", 1]]
  [1m[36mTemperature Load (0.5ms)[0m  [1m[34mSELECT "temperatures".* FROM "temperatures" ORDER BY "temperatures"."id" ASC LIMIT $1[0m  [["LIMIT", 1]]
  [1m[36mLocation Load (1.2ms)[0m  [1m[34mSELECT "locations".* FROM "locations" WHERE "locations"."id" = $1 LIMIT $2[0m  [["id", 1], ["LIMIT", 1]]
  [1m[36mTemperature Load (0.7ms)[0m  [1m[34mSELECT "temperatures".* FROM "temperatures" ORDER BY "temperatures"."id" ASC LIMIT $1[0m  [["LIMIT", 1]]
  [1m[36mLocation Load (1.5ms)[0m  [1m[34mSELECT "locations".* FROM "locations" WHERE "locations"."id" = $1 LIMIT $2[0m  [["id", 1], ["LIMIT", 1]]
  [1m[36mTemperature Load (0.6ms)[0m  [1m[34mSELECT "temperatures".* FROM "temperatures" ORDER BY "temperatures"."id" DESC LIMIT $1[0m  [["LIMIT", 1]]
  [1m[36mLocation Load (4.7ms)[0m  [1m[34mSELECT "locations".* FROM "locations" WHERE "locations"."id" = $1 LIMIT $2[0m  [["id", 2], ["LIMIT", 1]]
Started GET "/" for ::1 at 2020-09-22 12:24:08 -0500
  [1m[35m (17.0ms)[0m  [1m[34mSELECT "schema_migrations"."version" FROM "schema_migrations" ORDER BY "schema_migrations"."version" ASC[0m
Processing by Rails::WelcomeController#index as HTML
  Rendering /Users/finixbenny/.rvm/gems/ruby-2.7.0/gems/railties-6.0.3.3/lib/rails/templates/rails/welcome/index.html.erb
  Rendered /Users/finixbenny/.rvm/gems/ruby-2.7.0/gems/railties-6.0.3.3/lib/rails/templates/rails/welcome/index.html.erb (Duration: 49.9ms | Allocations: 409)
Completed 200 OK in 103ms (Views: 84.8ms | ActiveRecord: 0.0ms | Allocations: 2256)


Started GET "/loca" for ::1 at 2020-09-22 12:24:12 -0500
  
ActionController::RoutingError (No route matches [GET] "/loca"):
  
actionpack (6.0.3.3) lib/action_dispatch/middleware/debug_exceptions.rb:36:in `call'
actionpack (6.0.3.3) lib/action_dispatch/middleware/show_exceptions.rb:33:in `call'
railties (6.0.3.3) lib/rails/rack/logger.rb:37:in `call_app'
railties (6.0.3.3) lib/rails/rack/logger.rb:26:in `block in call'
activesupport (6.0.3.3) lib/active_support/tagged_logging.rb:80:in `block in tagged'
activesupport (6.0.3.3) lib/active_support/tagged_logging.rb:28:in `tagged'
activesupport (6.0.3.3) lib/active_support/tagged_logging.rb:80:in `tagged'
railties (6.0.3.3) lib/rails/rack/logger.rb:26:in `call'
actionpack (6.0.3.3) lib/action_dispatch/middleware/remote_ip.rb:81:in `call'
actionpack (6.0.3.3) lib/action_dispatch/middleware/request_id.rb:27:in `call'
rack (2.2.3) lib/rack/runtime.rb:22:in `call'
activesupport (6.0.3.3) lib/active_support/cache/strategy/local_cache_middleware.rb:29:in `call'
actionpack (6.0.3.3) lib/action_dispatch/middleware/executor.rb:14:in `call'
actionpack (6.0.3.3) lib/action_dispatch/middleware/static.rb:126:in `call'
rack (2.2.3) lib/rack/sendfile.rb:110:in `call'
actionpack (6.0.3.3) lib/action_dispatch/middleware/host_authorization.rb:82:in `call'
railties (6.0.3.3) lib/rails/engine.rb:527:in `call'
puma (4.3.6) lib/puma/configuration.rb:228:in `call'
puma (4.3.6) lib/puma/server.rb:713:in `handle_request'
puma (4.3.6) lib/puma/server.rb:472:in `process_client'
puma (4.3.6) lib/puma/server.rb:328:in `block in run'
puma (4.3.6) lib/puma/thread_pool.rb:134:in `block in spawn_thread'
Started GET "/locations" for ::1 at 2020-09-22 12:24:16 -0500
Processing by LocationsController#index as HTML
  [1m[36mLocation Load (22.7ms)[0m  [1m[34mSELECT "locations".* FROM "locations"[0m
  ↳ app/controllers/locations_controller.rb:8:in `index'
Completed 200 OK in 165ms (Views: 27.1ms | ActiveRecord: 114.0ms | Allocations: 5924)


Started GET "/temperatures" for ::1 at 2020-09-22 12:24:21 -0500
Processing by TemperaturesController#index as HTML
  [1m[36mTemperature Load (1.7ms)[0m  [1m[34mSELECT "temperatures".* FROM "temperatures"[0m
  ↳ app/controllers/temperatures_controller.rb:8:in `index'
Completed 200 OK in 123ms (Views: 19.6ms | ActiveRecord: 52.1ms | Allocations: 6845)


Started GET "/" for ::1 at 2020-09-22 13:54:21 -0500
Processing by Rails::WelcomeController#index as HTML
  Rendering /Users/finixbenny/.rvm/gems/ruby-2.7.0/gems/railties-6.0.3.3/lib/rails/templates/rails/welcome/index.html.erb
  Rendered /Users/finixbenny/.rvm/gems/ruby-2.7.0/gems/railties-6.0.3.3/lib/rails/templates/rails/welcome/index.html.erb (Duration: 13.2ms | Allocations: 183)
Completed 200 OK in 22ms (Views: 14.7ms | ActiveRecord: 0.0ms | Allocations: 880)


Started GET "/temperatures" for ::1 at 2020-09-22 13:54:27 -0500
Processing by TemperaturesController#index as HTML
  [1m[36mTemperature Load (24.0ms)[0m  [1m[34mSELECT "temperatures".* FROM "temperatures"[0m
  ↳ app/controllers/temperatures_controller.rb:6:in `index'
Completed 200 OK in 75ms (Views: 41.9ms | ActiveRecord: 24.0ms | Allocations: 6410)


Started GET "/loca" for ::1 at 2020-09-22 13:54:32 -0500
  
ActionController::RoutingError (No route matches [GET] "/loca"):
  
actionpack (6.0.3.3) lib/action_dispatch/middleware/debug_exceptions.rb:36:in `call'
actionpack (6.0.3.3) lib/action_dispatch/middleware/show_exceptions.rb:33:in `call'
railties (6.0.3.3) lib/rails/rack/logger.rb:37:in `call_app'
railties (6.0.3.3) lib/rails/rack/logger.rb:26:in `block in call'
activesupport (6.0.3.3) lib/active_support/tagged_logging.rb:80:in `block in tagged'
activesupport (6.0.3.3) lib/active_support/tagged_logging.rb:28:in `tagged'
activesupport (6.0.3.3) lib/active_support/tagged_logging.rb:80:in `tagged'
railties (6.0.3.3) lib/rails/rack/logger.rb:26:in `call'
actionpack (6.0.3.3) lib/action_dispatch/middleware/remote_ip.rb:81:in `call'
actionpack (6.0.3.3) lib/action_dispatch/middleware/request_id.rb:27:in `call'
rack (2.2.3) lib/rack/runtime.rb:22:in `call'
activesupport (6.0.3.3) lib/active_support/cache/strategy/local_cache_middleware.rb:29:in `call'
actionpack (6.0.3.3) lib/action_dispatch/middleware/executor.rb:14:in `call'
actionpack (6.0.3.3) lib/action_dispatch/middleware/static.rb:126:in `call'
rack (2.2.3) lib/rack/sendfile.rb:110:in `call'
actionpack (6.0.3.3) lib/action_dispatch/middleware/host_authorization.rb:82:in `call'
railties (6.0.3.3) lib/rails/engine.rb:527:in `call'
puma (4.3.6) lib/puma/configuration.rb:228:in `call'
puma (4.3.6) lib/puma/server.rb:713:in `handle_request'
puma (4.3.6) lib/puma/server.rb:472:in `process_client'
puma (4.3.6) lib/puma/server.rb:328:in `block in run'
puma (4.3.6) lib/puma/thread_pool.rb:134:in `block in spawn_thread'
Started GET "/locations" for ::1 at 2020-09-22 13:54:35 -0500
Processing by LocationsController#index as HTML
  [1m[36mLocation Load (1.1ms)[0m  [1m[34mSELECT "locations".* FROM "locations"[0m
  ↳ app/controllers/locations_controller.rb:5:in `index'
Completed 200 OK in 138ms (Views: 133.0ms | ActiveRecord: 1.1ms | Allocations: 4707)


Started GET "/locations/1" for ::1 at 2020-09-22 13:54:47 -0500
Processing by LocationsController#show as HTML
  Parameters: {"id"=>"1"}
  [1m[36mLocation Load (0.6ms)[0m  [1m[34mSELECT "locations".* FROM "locations" WHERE "locations"."id" = $1 LIMIT $2[0m  [["id", 1], ["LIMIT", 1]]
  ↳ app/controllers/locations_controller.rb:10:in `show'
  [1m[36mTemperature Load (18.6ms)[0m  [1m[34mSELECT "temperatures".* FROM "temperatures" WHERE "temperatures"."location_id" = $1[0m  [["location_id", 1]]
  ↳ app/controllers/locations_controller.rb:11:in `show'
Completed 200 OK in 165ms (Views: 0.1ms | ActiveRecord: 19.7ms | Allocations: 6540)


Started GET "/locations" for ::1 at 2020-09-22 14:17:19 -0500
Processing by LocationsController#index as HTML
  [1m[36mLocation Load (9.7ms)[0m  [1m[34mSELECT "locations".* FROM "locations"[0m
  ↳ app/controllers/locations_controller.rb:5:in `index'
  [1m[36mTemperature Load (2.3ms)[0m  [1m[34mSELECT "temperatures".* FROM "temperatures" WHERE "temperatures"."location_id" = $1[0m  [["location_id", 1]]
  ↳ app/controllers/locations_controller.rb:5:in `index'
  [1m[36mTemperature Load (0.5ms)[0m  [1m[34mSELECT "temperatures".* FROM "temperatures" WHERE "temperatures"."location_id" = $1[0m  [["location_id", 2]]
  ↳ app/controllers/locations_controller.rb:5:in `index'
Completed 200 OK in 104ms (Views: 0.1ms | ActiveRecord: 12.9ms | Allocations: 12146)


Started GET "/locations" for ::1 at 2020-09-22 14:17:29 -0500
Processing by LocationsController#index as HTML
  [1m[36mLocation Load (0.7ms)[0m  [1m[34mSELECT "locations".* FROM "locations"[0m
  ↳ app/controllers/locations_controller.rb:5:in `index'
Completed 200 OK in 185ms (Views: 75.7ms | ActiveRecord: 106.4ms | Allocations: 5002)


Started GET "/temperatures" for ::1 at 2020-09-22 14:21:37 -0500
Processing by TemperaturesController#index as HTML
  [1m[36mTemperature Load (0.5ms)[0m  [1m[34mSELECT "temperatures".* FROM "temperatures"[0m
  ↳ app/controllers/temperatures_controller.rb:6:in `index'
Completed 200 OK in 58ms (Views: 29.2ms | ActiveRecord: 23.1ms | Allocations: 6524)


Started GET "/temperatures" for ::1 at 2020-09-22 14:22:07 -0500
Processing by TemperaturesController#index as HTML
  [1m[36mTemperature Load (1.8ms)[0m  [1m[34mSELECT "temperatures".* FROM "temperatures"[0m
  ↳ app/controllers/temperatures_controller.rb:6:in `index'
  [1m[36mLocation Load (1.9ms)[0m  [1m[34mSELECT "locations".* FROM "locations" WHERE "locations"."id" = $1 LIMIT $2[0m  [["id", 1], ["LIMIT", 1]]
  ↳ app/controllers/temperatures_controller.rb:6:in `index'
  [1m[36mCACHE Location Load (0.0ms)[0m  [1m[34mSELECT "locations".* FROM "locations" WHERE "locations"."id" = $1 LIMIT $2[0m  [["id", 1], ["LIMIT", 1]]
  ↳ app/controllers/temperatures_controller.rb:6:in `index'
  [1m[36mCACHE Location Load (0.0ms)[0m  [1m[34mSELECT "locations".* FROM "locations" WHERE "locations"."id" = $1 LIMIT $2[0m  [["id", 1], ["LIMIT", 1]]
  ↳ app/controllers/temperatures_controller.rb:6:in `index'
  [1m[36mCACHE Location Load (0.0ms)[0m  [1m[34mSELECT "locations".* FROM "locations" WHERE "locations"."id" = $1 LIMIT $2[0m  [["id", 1], ["LIMIT", 1]]
  ↳ app/controllers/temperatures_controller.rb:6:in `index'
  [1m[36mCACHE Location Load (0.2ms)[0m  [1m[34mSELECT "locations".* FROM "locations" WHERE "locations"."id" = $1 LIMIT $2[0m  [["id", 1], ["LIMIT", 1]]
  ↳ app/controllers/temperatures_controller.rb:6:in `index'
  [1m[36mCACHE Location Load (0.0ms)[0m  [1m[34mSELECT "locations".* FROM "locations" WHERE "locations"."id" = $1 LIMIT $2[0m  [["id", 1], ["LIMIT", 1]]
  ↳ app/controllers/temperatures_controller.rb:6:in `index'
  [1m[36mCACHE Location Load (0.0ms)[0m  [1m[34mSELECT "locations".* FROM "locations" WHERE "locations"."id" = $1 LIMIT $2[0m  [["id", 1], ["LIMIT", 1]]
  ↳ app/controllers/temperatures_controller.rb:6:in `index'
  [1m[36mCACHE Location Load (0.0ms)[0m  [1m[34mSELECT "locations".* FROM "locations" WHERE "locations"."id" = $1 LIMIT $2[0m  [["id", 1], ["LIMIT", 1]]
  ↳ app/controllers/temperatures_controller.rb:6:in `index'
  [1m[36mCACHE Location Load (0.0ms)[0m  [1m[34mSELECT "locations".* FROM "locations" WHERE "locations"."id" = $1 LIMIT $2[0m  [["id", 1], ["LIMIT", 1]]
  ↳ app/controllers/temperatures_controller.rb:6:in `index'
  [1m[36mCACHE Location Load (0.0ms)[0m  [1m[34mSELECT "locations".* FROM "locations" WHERE "locations"."id" = $1 LIMIT $2[0m  [["id", 1], ["LIMIT", 1]]
  ↳ app/controllers/temperatures_controller.rb:6:in `index'
  [1m[36mCACHE Location Load (0.1ms)[0m  [1m[34mSELECT "locations".* FROM "locations" WHERE "locations"."id" = $1 LIMIT $2[0m  [["id", 1], ["LIMIT", 1]]
  ↳ app/controllers/temperatures_controller.rb:6:in `index'
  [1m[36mCACHE Location Load (0.0ms)[0m  [1m[34mSELECT "locations".* FROM "locations" WHERE "locations"."id" = $1 LIMIT $2[0m  [["id", 1], ["LIMIT", 1]]
  ↳ app/controllers/temperatures_controller.rb:6:in `index'
  [1m[36mLocation Load (0.9ms)[0m  [1m[34mSELECT "locations".* FROM "locations" WHERE "locations"."id" = $1 LIMIT $2[0m  [["id", 2], ["LIMIT", 1]]
  ↳ app/controllers/temperatures_controller.rb:6:in `index'
Completed 200 OK in 516ms (Views: 0.2ms | ActiveRecord: 125.8ms | Allocations: 21651)


Started GET "/locations" for 127.0.0.1 at 2020-09-22 15:34:16 -0500
  [1m[35m (3.2ms)[0m  [1m[34mSELECT "schema_migrations"."version" FROM "schema_migrations" ORDER BY "schema_migrations"."version" ASC[0m
Processing by LocationsController#index as */*
  [1m[36mLocation Load (7.2ms)[0m  [1m[34mSELECT "locations".* FROM "locations"[0m
  ↳ app/controllers/locations_controller.rb:5:in `index'
Completed 200 OK in 51ms (Views: 15.1ms | ActiveRecord: 18.2ms | Allocations: 5821)


Started GET "/locations" for 127.0.0.1 at 2020-09-22 15:34:37 -0500
Processing by LocationsController#index as */*
  [1m[36mLocation Load (34.9ms)[0m  [1m[34mSELECT "locations".* FROM "locations"[0m
  ↳ app/controllers/locations_controller.rb:5:in `index'
Completed 200 OK in 39ms (Views: 3.5ms | ActiveRecord: 34.9ms | Allocations: 1086)


Started GET "/locations" for 127.0.0.1 at 2020-09-22 15:34:44 -0500
Processing by LocationsController#index as */*
  [1m[36mLocation Load (38.0ms)[0m  [1m[34mSELECT "locations".* FROM "locations"[0m
  ↳ app/controllers/locations_controller.rb:5:in `index'
Completed 200 OK in 43ms (Views: 4.2ms | ActiveRecord: 38.0ms | Allocations: 1086)


Started GET "/locations" for 127.0.0.1 at 2020-09-22 15:37:18 -0500
Processing by LocationsController#index as */*
  [1m[36mLocation Load (47.8ms)[0m  [1m[34mSELECT "locations".* FROM "locations"[0m
  ↳ app/controllers/locations_controller.rb:5:in `index'
Completed 200 OK in 52ms (Views: 3.3ms | ActiveRecord: 47.8ms | Allocations: 1086)


Started GET "/locations" for 127.0.0.1 at 2020-09-22 15:37:45 -0500
Processing by LocationsController#index as */*
  [1m[36mLocation Load (5.3ms)[0m  [1m[34mSELECT "locations".* FROM "locations"[0m
  ↳ app/controllers/locations_controller.rb:5:in `index'
Completed 200 OK in 9ms (Views: 3.2ms | ActiveRecord: 5.3ms | Allocations: 1068)


Started GET "/temperatures" for ::1 at 2020-09-22 15:40:39 -0500
  [1m[35m (1.4ms)[0m  [1m[34mSELECT "schema_migrations"."version" FROM "schema_migrations" ORDER BY "schema_migrations"."version" ASC[0m
Processing by TemperaturesController#index as HTML
  [1m[36mTemperature Load (6.4ms)[0m  [1m[34mSELECT "temperatures".* FROM "temperatures"[0m
  ↳ app/controllers/temperatures_controller.rb:6:in `index'
  [1m[36mLocation Load (1.2ms)[0m  [1m[34mSELECT "locations".* FROM "locations" WHERE "locations"."id" = $1 LIMIT $2[0m  [["id", 1], ["LIMIT", 1]]
  ↳ app/controllers/temperatures_controller.rb:6:in `index'
  [1m[36mCACHE Location Load (0.0ms)[0m  [1m[34mSELECT "locations".* FROM "locations" WHERE "locations"."id" = $1 LIMIT $2[0m  [["id", 1], ["LIMIT", 1]]
  ↳ app/controllers/temperatures_controller.rb:6:in `index'
  [1m[36mCACHE Location Load (0.0ms)[0m  [1m[34mSELECT "locations".* FROM "locations" WHERE "locations"."id" = $1 LIMIT $2[0m  [["id", 1], ["LIMIT", 1]]
  ↳ app/controllers/temperatures_controller.rb:6:in `index'
  [1m[36mCACHE Location Load (0.0ms)[0m  [1m[34mSELECT "locations".* FROM "locations" WHERE "locations"."id" = $1 LIMIT $2[0m  [["id", 1], ["LIMIT", 1]]
  ↳ app/controllers/temperatures_controller.rb:6:in `index'
  [1m[36mCACHE Location Load (0.0ms)[0m  [1m[34mSELECT "locations".* FROM "locations" WHERE "locations"."id" = $1 LIMIT $2[0m  [["id", 1], ["LIMIT", 1]]
  ↳ app/controllers/temperatures_controller.rb:6:in `index'
  [1m[36mCACHE Location Load (0.0ms)[0m  [1m[34mSELECT "locations".* FROM "locations" WHERE "locations"."id" = $1 LIMIT $2[0m  [["id", 1], ["LIMIT", 1]]
  ↳ app/controllers/temperatures_controller.rb:6:in `index'
  [1m[36mCACHE Location Load (0.2ms)[0m  [1m[34mSELECT "locations".* FROM "locations" WHERE "locations"."id" = $1 LIMIT $2[0m  [["id", 1], ["LIMIT", 1]]
  ↳ app/controllers/temperatures_controller.rb:6:in `index'
  [1m[36mCACHE Location Load (0.0ms)[0m  [1m[34mSELECT "locations".* FROM "locations" WHERE "locations"."id" = $1 LIMIT $2[0m  [["id", 1], ["LIMIT", 1]]
  ↳ app/controllers/temperatures_controller.rb:6:in `index'
  [1m[36mCACHE Location Load (0.0ms)[0m  [1m[34mSELECT "locations".* FROM "locations" WHERE "locations"."id" = $1 LIMIT $2[0m  [["id", 1], ["LIMIT", 1]]
  ↳ app/controllers/temperatures_controller.rb:6:in `index'
  [1m[36mCACHE Location Load (0.3ms)[0m  [1m[34mSELECT "locations".* FROM "locations" WHERE "locations"."id" = $1 LIMIT $2[0m  [["id", 1], ["LIMIT", 1]]
  ↳ app/controllers/temperatures_controller.rb:6:in `index'
  [1m[36mCACHE Location Load (0.0ms)[0m  [1m[34mSELECT "locations".* FROM "locations" WHERE "locations"."id" = $1 LIMIT $2[0m  [["id", 1], ["LIMIT", 1]]
  ↳ app/controllers/temperatures_controller.rb:6:in `index'
  [1m[36mCACHE Location Load (0.0ms)[0m  [1m[34mSELECT "locations".* FROM "locations" WHERE "locations"."id" = $1 LIMIT $2[0m  [["id", 1], ["LIMIT", 1]]
  ↳ app/controllers/temperatures_controller.rb:6:in `index'
  [1m[36mLocation Load (0.5ms)[0m  [1m[34mSELECT "locations".* FROM "locations" WHERE "locations"."id" = $1 LIMIT $2[0m  [["id", 2], ["LIMIT", 1]]
  ↳ app/controllers/temperatures_controller.rb:6:in `index'
Completed 200 OK in 284ms (Views: 0.4ms | ActiveRecord: 62.6ms | Allocations: 24291)


Started GET "/locations" for 127.0.0.1 at 2020-09-22 15:40:43 -0500
Processing by LocationsController#index as */*
  [1m[36mLocation Load (1.5ms)[0m  [1m[34mSELECT "locations".* FROM "locations"[0m
  ↳ app/controllers/locations_controller.rb:5:in `index'
Completed 200 OK in 21ms (Views: 18.6ms | ActiveRecord: 1.5ms | Allocations: 1100)


Started GET "/locations" for 127.0.0.1 at 2020-09-22 15:41:20 -0500
Processing by LocationsController#index as */*
  [1m[36mLocation Load (28.6ms)[0m  [1m[34mSELECT "locations".* FROM "locations"[0m
  ↳ app/controllers/locations_controller.rb:5:in `index'
Completed 200 OK in 33ms (Views: 4.0ms | ActiveRecord: 28.6ms | Allocations: 1086)


Started GET "/locations" for 127.0.0.1 at 2020-09-22 15:42:26 -0500
  [1m[35m (9.3ms)[0m  [1m[34mSELECT "schema_migrations"."version" FROM "schema_migrations" ORDER BY "schema_migrations"."version" ASC[0m
Processing by LocationsController#index as */*
  [1m[36mLocation Load (1.1ms)[0m  [1m[34mSELECT "locations".* FROM "locations"[0m
  ↳ app/controllers/locations_controller.rb:5:in `index'
Completed 200 OK in 54ms (Views: 20.3ms | ActiveRecord: 23.0ms | Allocations: 5822)


Started GET "/locations" for 127.0.0.1 at 2020-09-22 15:42:50 -0500
  [1m[35m (1.5ms)[0m  [1m[34mSELECT "schema_migrations"."version" FROM "schema_migrations" ORDER BY "schema_migrations"."version" ASC[0m
Processing by LocationsController#index as */*
  [1m[36mLocation Load (1.6ms)[0m  [1m[34mSELECT "locations".* FROM "locations"[0m
  ↳ app/controllers/locations_controller.rb:5:in `index'
Completed 200 OK in 53ms (Views: 11.3ms | ActiveRecord: 30.7ms | Allocations: 5821)


Started GET "/locations" for 127.0.0.1 at 2020-09-22 15:46:35 -0500
Processing by LocationsController#index as */*
  [1m[36mLocation Load (51.3ms)[0m  [1m[34mSELECT "locations".* FROM "locations"[0m
  ↳ app/controllers/locations_controller.rb:5:in `index'
Completed 200 OK in 57ms (Views: 5.1ms | ActiveRecord: 51.3ms | Allocations: 1086)


Started GET "/locations" for 127.0.0.1 at 2020-09-22 15:46:55 -0500
  [1m[35m (1.7ms)[0m  [1m[34mSELECT "schema_migrations"."version" FROM "schema_migrations" ORDER BY "schema_migrations"."version" ASC[0m
Processing by LocationsController#index as */*
  [1m[36mLocation Load (1.1ms)[0m  [1m[34mSELECT "locations".* FROM "locations"[0m
  ↳ app/controllers/locations_controller.rb:5:in `index'
Completed 200 OK in 41ms (Views: 22.2ms | ActiveRecord: 10.8ms | Allocations: 5821)


Started GET "/locations/1" for 127.0.0.1 at 2020-09-22 15:48:11 -0500
Processing by LocationsController#show as */*
  Parameters: {"id"=>"1"}
  [1m[36mLocation Load (39.0ms)[0m  [1m[34mSELECT "locations".* FROM "locations" WHERE "locations"."id" = $1 LIMIT $2[0m  [["id", 1], ["LIMIT", 1]]
  ↳ app/controllers/locations_controller.rb:10:in `show'
  [1m[36mTemperature Load (29.0ms)[0m  [1m[34mSELECT "temperatures".* FROM "temperatures" WHERE "temperatures"."location_id" = $1[0m  [["location_id", 1]]
  ↳ app/controllers/locations_controller.rb:11:in `show'
Completed 200 OK in 638ms (Views: 0.3ms | ActiveRecord: 501.3ms | Allocations: 10921)


Started GET "/locations/1" for 127.0.0.1 at 2020-09-22 15:50:02 -0500
  [1m[35m (1.6ms)[0m  [1m[34mSELECT "schema_migrations"."version" FROM "schema_migrations" ORDER BY "schema_migrations"."version" ASC[0m
Processing by LocationsController#show as */*
  Parameters: {"id"=>"1"}
  [1m[36mLocation Load (0.9ms)[0m  [1m[34mSELECT "locations".* FROM "locations" WHERE "locations"."id" = $1 LIMIT $2[0m  [["id", 1], ["LIMIT", 1]]
  ↳ app/controllers/locations_controller.rb:10:in `show'
  [1m[36mTemperature Load (1.1ms)[0m  [1m[34mSELECT "temperatures".* FROM "temperatures" WHERE "temperatures"."location_id" = $1[0m  [["location_id", 1]]
  ↳ app/controllers/locations_controller.rb:11:in `show'
Completed 200 OK in 105ms (Views: 0.2ms | ActiveRecord: 23.0ms | Allocations: 14578)


Started GET "/locations/1" for 127.0.0.1 at 2020-09-22 15:54:12 -0500
Processing by LocationsController#show as */*
  Parameters: {"id"=>"1"}
  [1m[36mLocation Load (12.8ms)[0m  [1m[34mSELECT "locations".* FROM "locations" WHERE "locations"."id" = $1 LIMIT $2[0m  [["id", 1], ["LIMIT", 1]]
  ↳ app/controllers/locations_controller.rb:10:in `show'
  [1m[36mTemperature Load (25.3ms)[0m  [1m[34mSELECT "temperatures".* FROM "temperatures" WHERE "temperatures"."location_id" = $1[0m  [["location_id", 1]]
  ↳ app/controllers/locations_controller.rb:11:in `show'
Completed 200 OK in 55ms (Views: 0.2ms | ActiveRecord: 38.1ms | Allocations: 2992)


Started GET "/locations/1" for 127.0.0.1 at 2020-09-22 15:54:24 -0500
Processing by LocationsController#show as */*
  Parameters: {"id"=>"1"}
  [1m[36mLocation Load (3.3ms)[0m  [1m[34mSELECT "locations".* FROM "locations" WHERE "locations"."id" = $1 LIMIT $2[0m  [["id", 1], ["LIMIT", 1]]
  ↳ app/controllers/locations_controller.rb:10:in `show'
  [1m[36mTemperature Load (3.5ms)[0m  [1m[34mSELECT "temperatures".* FROM "temperatures" WHERE "temperatures"."location_id" = $1[0m  [["location_id", 1]]
  ↳ app/controllers/locations_controller.rb:11:in `show'
Completed 200 OK in 21ms (Views: 0.4ms | ActiveRecord: 6.8ms | Allocations: 2992)


Started GET "/locations/1" for 127.0.0.1 at 2020-09-22 15:56:16 -0500
Processing by LocationsController#show as */*
  Parameters: {"id"=>"1"}
  [1m[36mLocation Load (6.4ms)[0m  [1m[34mSELECT "locations".* FROM "locations" WHERE "locations"."id" = $1 LIMIT $2[0m  [["id", 1], ["LIMIT", 1]]
  ↳ app/controllers/locations_controller.rb:10:in `show'
  [1m[36mTemperature Load (15.0ms)[0m  [1m[34mSELECT "temperatures".* FROM "temperatures" WHERE "temperatures"."location_id" = $1[0m  [["location_id", 1]]
  ↳ app/controllers/locations_controller.rb:11:in `show'
Completed 200 OK in 66ms (Views: 0.6ms | ActiveRecord: 21.4ms | Allocations: 2993)


Started GET "/locations/1" for 127.0.0.1 at 2020-09-22 16:10:16 -0500
Processing by LocationsController#show as */*
  Parameters: {"id"=>"1"}
  [1m[36mLocation Load (20.1ms)[0m  [1m[34mSELECT "locations".* FROM "locations" WHERE "locations"."id" = $1 LIMIT $2[0m  [["id", 1], ["LIMIT", 1]]
  ↳ app/controllers/locations_controller.rb:10:in `show'
  [1m[36mTemperature Load (0.8ms)[0m  [1m[34mSELECT "temperatures".* FROM "temperatures" WHERE "temperatures"."location_id" = $1[0m  [["location_id", 1]]
  ↳ app/controllers/locations_controller.rb:11:in `show'
Completed 200 OK in 195ms (Views: 0.3ms | ActiveRecord: 165.7ms | Allocations: 3135)


Started GET "/locations/1" for 127.0.0.1 at 2020-09-22 16:13:14 -0500
Processing by LocationsController#show as */*
  Parameters: {"id"=>"1"}
  [1m[36mLocation Load (1.8ms)[0m  [1m[34mSELECT "locations".* FROM "locations" WHERE "locations"."id" = $1 LIMIT $2[0m  [["id", 1], ["LIMIT", 1]]
  ↳ app/controllers/locations_controller.rb:10:in `show'
  [1m[36mTemperature Load (4.0ms)[0m  [1m[34mSELECT "temperatures".* FROM "temperatures" WHERE "temperatures"."location_id" = $1[0m  [["location_id", 1]]
  ↳ app/controllers/locations_controller.rb:11:in `show'
Completed 200 OK in 27ms (Views: 0.6ms | ActiveRecord: 5.8ms | Allocations: 2976)


Started GET "/locations/1" for 127.0.0.1 at 2020-09-22 16:16:55 -0500
Processing by LocationsController#show as */*
  Parameters: {"id"=>"1"}
  [1m[36mLocation Load (189.7ms)[0m  [1m[34mSELECT "locations".* FROM "locations" WHERE "locations"."id" = $1 LIMIT $2[0m  [["id", 1], ["LIMIT", 1]]
  ↳ app/controllers/locations_controller.rb:10:in `show'
  [1m[36mTemperature Load (1.4ms)[0m  [1m[34mSELECT "temperatures".* FROM "temperatures" WHERE "temperatures"."location_id" = $1[0m  [["location_id", 1]]
  ↳ app/controllers/locations_controller.rb:11:in `show'
Completed 200 OK in 258ms (Views: 0.1ms | ActiveRecord: 191.1ms | Allocations: 2976)


Started GET "/locations/1" for 127.0.0.1 at 2020-09-22 16:17:08 -0500
Processing by LocationsController#show as */*
  Parameters: {"id"=>"1"}
  [1m[36mLocation Load (24.7ms)[0m  [1m[34mSELECT "locations".* FROM "locations" WHERE "locations"."id" = $1 LIMIT $2[0m  [["id", 1], ["LIMIT", 1]]
  ↳ app/controllers/locations_controller.rb:10:in `show'
  [1m[36mTemperature Load (0.6ms)[0m  [1m[34mSELECT "temperatures".* FROM "temperatures" WHERE "temperatures"."location_id" = $1[0m  [["location_id", 1]]
  ↳ app/controllers/locations_controller.rb:11:in `show'
Completed 200 OK in 79ms (Views: 0.2ms | ActiveRecord: 25.3ms | Allocations: 2975)


Started GET "/locations/1" for 127.0.0.1 at 2020-09-22 16:17:16 -0500
Processing by LocationsController#show as */*
  Parameters: {"id"=>"1"}
  [1m[36mLocation Load (10.4ms)[0m  [1m[34mSELECT "locations".* FROM "locations" WHERE "locations"."id" = $1 LIMIT $2[0m  [["id", 1], ["LIMIT", 1]]
  ↳ app/controllers/locations_controller.rb:10:in `show'
  [1m[36mTemperature Load (15.1ms)[0m  [1m[34mSELECT "temperatures".* FROM "temperatures" WHERE "temperatures"."location_id" = $1[0m  [["location_id", 1]]
  ↳ app/controllers/locations_controller.rb:11:in `show'
Completed 200 OK in 79ms (Views: 0.2ms | ActiveRecord: 25.4ms | Allocations: 2975)


Started GET "/locations/1" for 127.0.0.1 at 2020-09-22 16:21:26 -0500
Processing by LocationsController#show as */*
  Parameters: {"id"=>"1"}
  [1m[36mLocation Load (19.7ms)[0m  [1m[34mSELECT "locations".* FROM "locations" WHERE "locations"."id" = $1 LIMIT $2[0m  [["id", 1], ["LIMIT", 1]]
  ↳ app/controllers/locations_controller.rb:10:in `show'
  [1m[36mTemperature Load (4.4ms)[0m  [1m[34mSELECT "temperatures".* FROM "temperatures" WHERE "temperatures"."location_id" = $1[0m  [["location_id", 1]]
  ↳ app/controllers/locations_controller.rb:11:in `show'
Completed 200 OK in 56ms (Views: 0.2ms | ActiveRecord: 24.1ms | Allocations: 2975)


Started GET "/locations/1" for 127.0.0.1 at 2020-09-22 16:21:58 -0500
Processing by LocationsController#show as */*
  Parameters: {"id"=>"1"}
  [1m[36mLocation Load (0.4ms)[0m  [1m[34mSELECT "locations".* FROM "locations" WHERE "locations"."id" = $1 LIMIT $2[0m  [["id", 1], ["LIMIT", 1]]
  ↳ app/controllers/locations_controller.rb:10:in `show'
  [1m[36mTemperature Load (10.2ms)[0m  [1m[34mSELECT "temperatures".* FROM "temperatures" WHERE "temperatures"."location_id" = $1[0m  [["location_id", 1]]
  ↳ app/controllers/locations_controller.rb:11:in `show'
Completed 200 OK in 225ms (Views: 0.6ms | ActiveRecord: 10.7ms | Allocations: 2976)


Started GET "/locations/1" for 127.0.0.1 at 2020-09-22 16:27:21 -0500
Processing by LocationsController#show as */*
  Parameters: {"id"=>"1"}
  [1m[36mLocation Load (0.8ms)[0m  [1m[34mSELECT "locations".* FROM "locations" WHERE "locations"."id" = $1 LIMIT $2[0m  [["id", 1], ["LIMIT", 1]]
  ↳ app/controllers/locations_controller.rb:10:in `show'
  [1m[36mTemperature Load (97.4ms)[0m  [1m[34mSELECT "temperatures".* FROM "temperatures" WHERE "temperatures"."location_id" = $1[0m  [["location_id", 1]]
  ↳ app/controllers/locations_controller.rb:11:in `show'
Completed 200 OK in 127ms (Views: 0.4ms | ActiveRecord: 98.5ms | Allocations: 3126)


Started GET "/locations/1" for 127.0.0.1 at 2020-09-22 16:28:13 -0500
Processing by LocationsController#show as */*
  Parameters: {"id"=>"1"}
  [1m[36mLocation Load (32.6ms)[0m  [1m[34mSELECT "locations".* FROM "locations" WHERE "locations"."id" = $1 LIMIT $2[0m  [["id", 1], ["LIMIT", 1]]
  ↳ app/controllers/locations_controller.rb:10:in `show'
  [1m[36mTemperature Load (125.5ms)[0m  [1m[34mSELECT "temperatures".* FROM "temperatures" WHERE "temperatures"."location_id" = $1[0m  [["location_id", 1]]
  ↳ app/controllers/locations_controller.rb:11:in `show'
Completed 200 OK in 170ms (Views: 0.3ms | ActiveRecord: 158.0ms | Allocations: 2975)


Started GET "/locations/1" for 127.0.0.1 at 2020-09-22 16:28:19 -0500
Processing by LocationsController#show as */*
  Parameters: {"id"=>"1"}
  [1m[36mLocation Load (43.2ms)[0m  [1m[34mSELECT "locations".* FROM "locations" WHERE "locations"."id" = $1 LIMIT $2[0m  [["id", 1], ["LIMIT", 1]]
  ↳ app/controllers/locations_controller.rb:10:in `show'
  [1m[36mTemperature Load (26.6ms)[0m  [1m[34mSELECT "temperatures".* FROM "temperatures" WHERE "temperatures"."location_id" = $1[0m  [["location_id", 1]]
  ↳ app/controllers/locations_controller.rb:11:in `show'
Completed 200 OK in 85ms (Views: 0.7ms | ActiveRecord: 69.9ms | Allocations: 2975)


Started GET "/locations/1" for 127.0.0.1 at 2020-09-22 16:36:01 -0500
  [1m[35m (1.3ms)[0m  [1m[34mSELECT "schema_migrations"."version" FROM "schema_migrations" ORDER BY "schema_migrations"."version" ASC[0m
Processing by LocationsController#show as */*
  Parameters: {"id"=>"1"}
  [1m[36mLocation Load (1.6ms)[0m  [1m[34mSELECT "locations".* FROM "locations" WHERE "locations"."id" = $1 LIMIT $2[0m  [["id", 1], ["LIMIT", 1]]
  ↳ app/controllers/locations_controller.rb:10:in `show'
  [1m[36mTemperature Load (0.5ms)[0m  [1m[34mSELECT "temperatures".* FROM "temperatures" WHERE "temperatures"."location_id" = $1[0m  [["location_id", 1]]
  ↳ app/controllers/locations_controller.rb:11:in `show'
Completed 200 OK in 127ms (Views: 0.2ms | ActiveRecord: 25.9ms | Allocations: 15650)


Started GET "/locations/1" for 127.0.0.1 at 2020-09-22 18:10:52 -0500
Processing by LocationsController#show as */*
  Parameters: {"id"=>"1"}
  [1m[36mLocation Load (1.9ms)[0m  [1m[34mSELECT "locations".* FROM "locations" WHERE "locations"."id" = $1 LIMIT $2[0m  [["id", 1], ["LIMIT", 1]]
  ↳ app/controllers/locations_controller.rb:10:in `show'
  [1m[36mTemperature Load (0.6ms)[0m  [1m[34mSELECT "temperatures".* FROM "temperatures" WHERE "temperatures"."location_id" = $1[0m  [["location_id", 1]]
  ↳ app/controllers/locations_controller.rb:11:in `show'
Completed 200 OK in 15ms (Views: 0.1ms | ActiveRecord: 2.8ms | Allocations: 3136)


Started GET "/locations/1" for 127.0.0.1 at 2020-09-22 18:11:19 -0500
Processing by LocationsController#show as */*
  Parameters: {"id"=>"1"}
  [1m[36mLocation Load (0.9ms)[0m  [1m[34mSELECT "locations".* FROM "locations" WHERE "locations"."id" = $1 LIMIT $2[0m  [["id", 1], ["LIMIT", 1]]
  ↳ app/controllers/locations_controller.rb:10:in `show'
  [1m[36mTemperature Load (12.8ms)[0m  [1m[34mSELECT "temperatures".* FROM "temperatures" WHERE "temperatures"."location_id" = $1[0m  [["location_id", 1]]
  ↳ app/controllers/locations_controller.rb:11:in `show'
Completed 200 OK in 22ms (Views: 0.2ms | ActiveRecord: 13.7ms | Allocations: 2993)


Started GET "/" for ::1 at 2020-09-22 18:11:53 -0500
Processing by Rails::WelcomeController#index as HTML
  Rendering /Users/finixbenny/.rvm/gems/ruby-2.7.0/gems/railties-6.0.3.3/lib/rails/templates/rails/welcome/index.html.erb
  Rendered /Users/finixbenny/.rvm/gems/ruby-2.7.0/gems/railties-6.0.3.3/lib/rails/templates/rails/welcome/index.html.erb (Duration: 13.0ms | Allocations: 295)
Completed 200 OK in 35ms (Views: 24.5ms | ActiveRecord: 0.0ms | Allocations: 1533)


